SF:lib/src/extensions/base_request_extension.dart
DA:5,0
DA:6,0
DA:8,0
DA:10,0
DA:16,0
DA:20,0
DA:22,0
DA:23,0
DA:24,0
DA:25,0
DA:26,0
DA:27,0
DA:29,0
DA:31,0
DA:32,0
DA:33,0
DA:34,0
DA:35,0
DA:36,0
DA:37,0
DA:39,0
DA:40,0
DA:43,0
LF:23
LH:0
end_of_record
SF:lib/src/extensions/base_response_extension.dart
DA:4,0
DA:5,0
DA:7,0
DA:8,0
DA:9,0
DA:11,0
DA:14,0
LF:7
LH:0
end_of_record
SF:lib/src/extensions/build_context_extension.dart
DA:8,0
DA:9,0
DA:10,0
DA:11,0
LF:4
LH:0
end_of_record
SF:lib/src/extensions/characters_extension.dart
DA:4,0
DA:5,0
LF:2
LH:0
end_of_record
SF:lib/src/extensions/content_type_extension.dart
DA:4,0
LF:1
LH:0
end_of_record
SF:lib/src/extensions/date_time_extension.dart
DA:5,0
DA:7,1
DA:8,3
DA:11,17
DA:15,0
DA:16,0
DA:17,0
DA:20,0
DA:21,0
DA:24,0
DA:25,0
DA:28,0
DA:29,0
DA:32,0
DA:33,0
DA:36,0
DA:37,0
DA:42,0
DA:44,0
DA:47,0
DA:55,0
DA:56,0
DA:57,0
DA:60,0
DA:61,0
DA:62,0
DA:68,0
DA:69,0
DA:70,0
DA:71,0
DA:76,0
DA:77,0
DA:78,0
DA:81,1
DA:82,1
DA:83,1
DA:84,2
DA:86,2
DA:90,0
DA:91,0
DA:94,0
DA:95,0
LF:42
LH:8
end_of_record
SF:lib/src/extensions/double_extension.dart
DA:6,0
DA:8,0
DA:9,0
DA:10,0
LF:4
LH:0
end_of_record
SF:lib/src/extensions/duration_extension.dart
DA:2,0
DA:3,0
DA:4,0
DA:6,0
DA:8,0
DA:9,0
DA:12,0
DA:13,0
DA:14,0
DA:15,0
DA:16,0
DA:17,0
DA:18,0
DA:19,0
DA:20,0
LF:15
LH:0
end_of_record
SF:lib/src/extensions/dynamic_extension.dart
DA:6,0
DA:7,0
DA:8,0
DA:9,0
DA:11,0
LF:5
LH:0
end_of_record
SF:lib/src/extensions/general_type_extension.dart
DA:2,0
DA:4,0
DA:5,0
LF:3
LH:0
end_of_record
SF:lib/src/extensions/global_key_extension.dart
DA:6,0
DA:7,0
DA:8,0
DA:10,0
DA:11,0
DA:17,0
DA:18,0
DA:19,0
DA:22,0
DA:23,0
DA:24,0
DA:27,0
DA:28,0
DA:29,0
DA:30,0
DA:32,0
LF:16
LH:0
end_of_record
SF:lib/src/extensions/int_extension.dart
DA:4,0
DA:6,0
DA:8,0
DA:9,0
DA:10,0
DA:11,0
DA:12,0
DA:13,0
DA:14,0
DA:15,0
DA:16,0
DA:17,0
DA:18,0
DA:19,0
DA:20,0
DA:21,0
DA:22,0
DA:24,0
LF:18
LH:0
end_of_record
SF:lib/src/extensions/placemark_extension.dart
DA:4,0
DA:5,0
LF:2
LH:0
end_of_record
SF:lib/src/extensions/string_extension.dart
DA:6,3
DA:7,0
DA:9,0
DA:10,0
DA:13,0
DA:14,0
DA:15,0
DA:16,0
DA:17,0
DA:20,0
DA:25,1
DA:26,3
DA:27,5
DA:28,2
DA:29,2
DA:31,1
DA:35,0
DA:36,0
DA:37,0
DA:40,0
DA:41,0
DA:42,0
DA:43,0
DA:46,2
DA:49,0
DA:52,0
DA:54,0
DA:56,0
DA:57,0
DA:62,0
DA:63,0
DA:64,0
DA:66,0
DA:67,0
DA:68,0
DA:69,0
DA:71,0
DA:74,0
DA:77,0
DA:79,0
DA:81,0
DA:88,0
DA:93,0
DA:97,0
DA:102,0
LF:45
LH:8
end_of_record
SF:lib/src/extensions/uint8list_extension.dart
DA:10,0
DA:12,0
DA:13,0
DA:15,0
DA:20,0
DA:21,0
DA:22,0
DA:23,0
DA:26,0
DA:31,0
DA:32,0
DA:33,0
LF:12
LH:0
end_of_record
SF:lib/src/extensions/uri_extension.dart
DA:9,0
DA:15,0
DA:16,0
DA:17,0
DA:23,0
DA:25,0
DA:26,0
DA:27,0
DA:31,0
DA:34,0
DA:39,0
DA:41,0
DA:42,0
DA:44,0
DA:47,0
DA:49,0
DA:50,0
DA:54,0
LF:18
LH:0
end_of_record
SF:lib/src/extensions/void_callback_extension.dart
DA:6,3
DA:8,1
DA:9,2
DA:10,1
DA:13,1
DA:14,2
DA:17,2
DA:18,1
DA:21,1
DA:22,2
DA:23,1
DA:26,1
DA:27,2
DA:30,2
DA:31,1
LF:15
LH:15
end_of_record
SF:lib/src/extensions/x509certificate_extension.dart
DA:6,0
DA:7,0
DA:8,0
DA:9,0
LF:4
LH:0
end_of_record
SF:lib/src/helpers/network_helper.dart
DA:17,0
DA:19,0
DA:25,0
DA:26,0
DA:27,0
DA:28,0
DA:29,0
DA:32,0
DA:33,0
DA:35,0
DA:36,0
DA:39,0
DA:44,0
DA:45,0
DA:47,0
DA:48,0
DA:51,0
DA:57,0
DA:68,0
DA:69,0
DA:70,0
DA:78,0
DA:81,0
DA:82,0
DA:83,0
DA:84,0
DA:85,0
DA:86,0
DA:88,0
DA:89,0
DA:90,0
DA:92,0
DA:93,0
DA:94,0
DA:98,0
DA:99,0
DA:100,0
DA:101,0
DA:102,0
DA:103,0
DA:105,0
DA:107,0
DA:112,0
DA:117,0
DA:119,0
DA:125,0
DA:132,0
DA:134,0
DA:142,0
DA:151,0
DA:153,0
DA:163,0
DA:172,0
DA:174,0
DA:184,0
DA:193,0
DA:195,0
DA:205,0
DA:212,0
DA:214,0
DA:222,0
DA:223,0
DA:224,0
DA:225,0
LF:64
LH:0
end_of_record
SF:lib/src/helpers/sqlite_helper.dart
DA:9,0
DA:11,0
DA:13,0
DA:15,0
DA:17,0
DA:19,0
DA:21,0
DA:23,0
DA:25,0
DA:27,0
DA:34,0
DA:36,0
DA:37,0
DA:43,0
DA:45,0
DA:46,0
DA:52,0
DA:54,0
DA:55,0
DA:61,0
DA:63,0
DA:64,0
DA:70,0
DA:72,0
DA:73,0
DA:77,0
DA:79,0
DA:87,0
DA:89,0
DA:90,0
DA:97,0
DA:99,0
DA:100,0
DA:106,0
DA:108,0
DA:109,0
DA:116,0
DA:118,0
DA:120,0
DA:124,0
DA:125,0
DA:128,0
DA:131,0
DA:133,0
DA:134,0
DA:135,0
DA:136,0
DA:139,0
DA:140,0
DA:141,0
DA:142,0
DA:147,0
DA:149,0
DA:151,0
DA:155,0
DA:158,0
DA:159,0
DA:160,0
DA:161,0
DA:163,0
DA:165,0
DA:169,0
DA:172,0
DA:174,0
DA:175,0
DA:176,0
DA:177,0
DA:179,0
DA:182,0
DA:184,0
DA:188,0
DA:191,0
DA:193,0
DA:194,0
DA:196,0
DA:198,0
DA:199,0
DA:201,0
DA:203,0
DA:207,0
DA:210,0
DA:212,0
DA:213,0
DA:215,0
DA:217,0
DA:218,0
DA:220,0
DA:222,0
DA:226,0
DA:229,0
DA:230,0
DA:232,0
DA:234,0
DA:239,0
LF:94
LH:0
end_of_record
SF:lib/src/models/app_locale.dart
DA:12,0
DA:14,0
DA:16,0
LF:3
LH:0
end_of_record
SF:lib/src/models/locale_voices.dart
DA:12,0
LF:1
LH:0
end_of_record
SF:lib/src/models/stt.dart
DA:14,0
LF:1
LH:0
end_of_record
SF:lib/src/models/tts.dart
DA:18,0
DA:20,0
DA:21,0
DA:24,0
DA:25,0
LF:5
LH:0
end_of_record
SF:lib/src/providers/app_permission_status_provider/app_permission_status.dart
DA:10,4
LF:1
LH:1
end_of_record
SF:lib/src/providers/app_permission_status_provider/app_permission_status_provider.g.dart
DA:9,3
DA:14,0
DA:16,3
DA:18,6
DA:20,12
DA:21,6
DA:24,3
DA:26,12
DA:28,6
DA:29,12
DA:49,12
DA:52,3
DA:55,3
DA:60,0
DA:64,0
DA:65,0
DA:71,0
DA:76,0
DA:80,0
DA:88,3
DA:90,3
DA:91,9
DA:104,3
DA:112,3
DA:116,3
DA:120,3
DA:121,3
DA:125,0
DA:127,0
DA:129,0
DA:130,0
DA:131,0
DA:136,0
DA:141,3
DA:144,3
DA:147,3
DA:149,3
DA:150,9
DA:153,3
DA:155,9
DA:156,9
DA:158,3
DA:171,3
DA:173,0
DA:175,0
LF:45
LH:30
end_of_record
SF:lib/src/providers/app_permission_status_provider/app_permission_status_provider.dart
DA:16,3
DA:18,6
DA:19,3
DA:21,9
DA:22,0
DA:23,0
DA:26,3
DA:29,3
DA:30,12
DA:31,3
DA:32,3
DA:33,9
DA:35,0
DA:36,0
DA:37,0
DA:43,3
DA:44,3
DA:47,3
DA:48,3
DA:49,12
DA:51,3
DA:57,0
DA:58,0
DA:59,0
DA:60,0
DA:61,0
DA:63,0
DA:64,0
DA:65,0
DA:71,0
DA:72,0
DA:75,0
DA:76,0
DA:77,0
DA:79,0
DA:85,0
DA:86,0
LF:37
LH:16
end_of_record
SF:lib/src/providers/app_provider_observer.dart
DA:7,1
DA:13,3
DA:16,1
DA:21,3
DA:24,1
DA:31,3
DA:34,0
DA:41,0
LF:8
LH:6
end_of_record
SF:lib/src/providers/app_startup_provider/app_startup_provider.dart
DA:9,2
DA:11,4
DA:12,4
LF:3
LH:3
end_of_record
SF:lib/src/providers/app_startup_provider/app_startup_provider.g.dart
DA:9,2
DA:14,0
DA:16,2
DA:18,4
DA:20,8
DA:21,4
DA:24,2
DA:26,8
DA:28,4
DA:29,8
DA:48,12
DA:51,2
DA:54,2
DA:59,0
DA:63,0
DA:64,0
DA:70,0
DA:75,0
DA:79,0
DA:87,2
DA:89,2
DA:90,6
DA:103,2
DA:111,2
DA:115,2
DA:119,2
DA:120,2
DA:124,0
DA:126,0
DA:128,0
DA:129,0
DA:130,0
DA:135,0
DA:140,2
DA:142,2
DA:145,2
DA:147,8
DA:150,2
DA:152,6
DA:153,6
DA:155,2
DA:167,2
DA:169,0
DA:171,0
LF:44
LH:29
end_of_record
SF:lib/src/providers/logging_provider/logging_provider.g.dart
DA:9,3
DA:13,0
DA:15,3
DA:17,6
DA:19,12
DA:20,6
DA:23,3
DA:25,12
DA:27,6
DA:28,12
DA:47,12
DA:50,3
DA:53,3
DA:58,0
DA:62,0
DA:63,0
DA:69,0
DA:74,0
DA:78,0
DA:86,3
DA:88,3
DA:89,9
DA:102,3
DA:110,3
DA:114,3
DA:118,3
DA:119,3
DA:123,0
DA:125,0
DA:127,0
DA:128,0
DA:129,0
DA:134,0
DA:139,3
DA:141,3
DA:144,3
DA:146,3
DA:147,9
DA:150,3
DA:152,9
DA:153,9
DA:155,3
DA:167,3
DA:169,0
DA:171,0
LF:45
LH:30
end_of_record
SF:lib/src/providers/logging_provider/logging_provider.dart
DA:10,3
DA:12,3
DA:13,3
LF:3
LH:3
end_of_record
SF:lib/src/providers/network_helper_provider/network_helper_provider.g.dart
DA:9,0
DA:14,0
DA:16,0
DA:18,0
DA:20,0
DA:21,0
DA:24,0
DA:26,0
DA:28,0
DA:29,0
DA:49,12
DA:52,0
DA:55,0
DA:60,0
DA:64,0
DA:65,0
DA:71,0
DA:76,0
DA:80,0
DA:88,0
DA:90,0
DA:91,0
DA:104,0
DA:112,0
DA:116,0
DA:120,0
DA:121,0
DA:125,0
DA:127,0
DA:129,0
DA:130,0
DA:131,0
DA:136,0
DA:141,0
DA:144,0
DA:147,0
DA:149,0
DA:152,0
DA:154,0
DA:155,0
DA:157,0
DA:169,0
DA:171,0
DA:172,0
LF:44
LH:1
end_of_record
SF:lib/src/providers/network_helper_provider/network_helper_provider.dart
DA:10,0
DA:12,0
LF:2
LH:0
end_of_record
SF:lib/src/providers/shared_preferences_provider/shared_preferences_provider.dart
DA:8,0
DA:10,0
LF:2
LH:0
end_of_record
SF:lib/src/providers/shared_preferences_provider/shared_preferences_provider.g.dart
DA:9,0
DA:14,0
LF:2
LH:0
end_of_record
SF:lib/src/providers/stt_provider/stt_provider.dart
DA:15,0
DA:17,0
DA:18,0
DA:19,0
DA:20,0
DA:21,0
DA:23,0
DA:24,0
DA:30,0
DA:31,0
DA:32,0
DA:33,0
DA:35,0
LF:13
LH:0
end_of_record
SF:lib/src/providers/stt_provider/stt_provider.g.dart
DA:9,0
DA:13,0
LF:2
LH:0
end_of_record
SF:lib/src/providers/tts_provider/tts_provider.dart
DA:16,0
DA:18,0
DA:21,0
DA:22,0
DA:23,0
DA:24,0
DA:25,0
DA:26,0
DA:27,0
DA:28,0
DA:29,0
DA:31,0
DA:32,0
DA:34,0
DA:39,0
DA:40,0
DA:41,0
DA:48,0
DA:49,0
DA:50,0
DA:51,0
DA:53,0
DA:57,0
DA:65,0
DA:66,0
DA:67,0
DA:68,0
DA:69,0
DA:70,0
DA:72,0
DA:73,0
DA:75,0
DA:80,0
DA:81,0
DA:82,0
DA:83,0
DA:84,0
DA:86,0
LF:38
LH:0
end_of_record
SF:lib/src/providers/tts_provider/tts_provider.g.dart
DA:9,0
DA:13,0
LF:2
LH:0
end_of_record
SF:lib/src/providers/user_location_provider/user_location.dart
DA:10,16
DA:12,0
DA:25,0
DA:27,0
LF:4
LH:1
end_of_record
SF:lib/src/providers/user_location_provider/user_location.g.dart
DA:9,0
DA:10,0
DA:11,0
DA:13,0
DA:14,0
DA:15,0
DA:17,0
DA:18,0
DA:19,0
DA:21,0
DA:23,0
DA:27,0
DA:28,0
DA:29,0
DA:30,0
DA:31,0
DA:32,0
DA:33,0
DA:43,0
DA:44,0
DA:45,0
DA:46,0
DA:49,0
DA:50,0
DA:51,0
DA:52,0
LF:26
LH:0
end_of_record
SF:lib/src/providers/user_location_provider/user_location_provider.dart
DA:18,3
DA:20,6
DA:21,3
DA:22,1
DA:24,9
DA:25,3
DA:30,3
DA:31,12
DA:32,3
DA:33,3
DA:34,3
DA:36,1
DA:37,1
DA:40,1
DA:41,1
DA:42,5
DA:46,3
DA:47,3
DA:48,3
DA:51,1
DA:52,4
DA:53,1
DA:54,1
DA:55,1
DA:57,1
DA:58,1
DA:61,1
DA:62,1
DA:63,4
DA:66,1
DA:72,0
DA:73,0
DA:74,0
DA:76,0
DA:77,0
DA:78,0
DA:84,0
DA:85,0
DA:92,0
DA:93,0
DA:94,0
LF:41
LH:30
end_of_record
SF:lib/src/providers/user_location_provider/user_location_provider.g.dart
DA:9,3
DA:14,6
DA:15,3
LF:3
LH:3
end_of_record
SF:lib/src/support/app_cache_manager.dart
DA:12,0
DA:14,0
DA:15,0
DA:18,0
DA:25,0
DA:26,0
DA:29,0
DA:31,0
DA:33,0
DA:35,0
DA:37,0
DA:42,0
DA:50,0
DA:51,0
DA:53,0
DA:54,0
DA:57,0
DA:58,0
DA:60,0
DA:61,0
DA:63,0
DA:65,0
DA:66,0
DA:68,0
DA:69,0
DA:70,0
DA:71,0
DA:74,0
DA:75,0
DA:76,0
DA:77,0
DA:83,0
DA:86,0
DA:87,0
DA:89,0
DA:92,0
DA:94,0
DA:95,0
LF:38
LH:0
end_of_record
SF:lib/src/support/bitmap_descriptor_from_svg_builder.dart
DA:14,0
DA:15,0
DA:16,0
DA:20,3
DA:25,3
DA:44,1
DA:46,1
DA:47,1
DA:48,1
DA:52,0
DA:53,0
DA:54,0
DA:58,0
DA:59,0
DA:63,0
DA:64,0
DA:65,0
DA:66,0
DA:67,0
DA:68,0
DA:72,0
DA:73,0
DA:74,0
DA:75,0
DA:76,0
DA:77,0
DA:81,0
DA:82,0
DA:83,0
DA:84,0
DA:85,0
DA:86,0
DA:90,1
DA:91,1
DA:92,1
DA:93,1
DA:94,1
DA:95,1
DA:99,0
DA:100,0
DA:101,0
DA:102,0
DA:103,0
DA:104,0
DA:108,0
DA:109,0
DA:113,1
DA:115,2
DA:116,1
DA:117,4
DA:118,0
DA:119,0
DA:123,1
DA:124,0
DA:129,5
DA:131,3
DA:132,3
DA:136,1
DA:137,0
DA:138,0
DA:139,0
DA:140,1
DA:141,0
DA:142,0
DA:143,0
DA:144,2
DA:145,0
DA:146,0
DA:148,0
DA:150,2
DA:151,6
DA:152,1
DA:154,3
DA:156,0
DA:157,0
DA:158,0
DA:159,0
DA:163,1
DA:164,2
DA:166,2
DA:174,1
DA:175,0
DA:176,0
DA:177,0
DA:178,0
DA:179,0
DA:180,0
DA:181,0
DA:182,0
DA:183,0
DA:184,0
DA:185,0
DA:186,0
DA:187,0
DA:188,0
DA:194,1
DA:200,2
DA:201,1
DA:202,1
DA:203,1
DA:204,3
DA:205,1
DA:206,1
DA:207,1
DA:208,1
DA:210,0
LF:106
LH:41
end_of_record
SF:lib/src/support/cancellation_exception.dart
DA:2,12
DA:7,0
DA:8,0
LF:3
LH:1
end_of_record
SF:lib/src/support/debouncer.dart
DA:12,1
DA:19,1
DA:20,2
DA:21,2
DA:22,5
DA:23,1
DA:24,2
DA:27,2
DA:29,1
DA:30,5
DA:31,2
LF:11
LH:11
end_of_record
SF:lib/src/support/dialog_page.dart
DA:9,0
DA:20,0
DA:21,0
DA:24,0
DA:25,0
DA:26,0
DA:28,0
DA:29,0
LF:8
LH:0
end_of_record
SF:lib/src/support/json_converter_ex.dart
DA:7,1
DA:9,1
DA:10,2
DA:13,1
DA:14,2
LF:5
LH:5
end_of_record
SF:lib/src/support/json_converters.dart
DA:9,1
DA:11,1
DA:12,1
DA:14,1
DA:15,1
DA:19,0
DA:21,0
DA:22,0
DA:24,0
DA:25,0
DA:31,0
DA:33,0
DA:34,0
DA:36,0
DA:37,0
DA:43,0
DA:45,0
DA:46,0
DA:48,0
DA:49,0
DA:53,0
DA:55,0
DA:56,0
DA:58,0
DA:59,0
DA:63,0
DA:65,0
DA:66,0
DA:68,0
DA:69,0
DA:73,0
DA:75,0
DA:76,0
DA:78,0
LF:34
LH:5
end_of_record
SF:lib/src/support/logging/console_logging.dart
DA:10,3
DA:14,6
DA:15,11
DA:16,4
DA:17,2
DA:22,2
DA:23,0
DA:24,12
DA:31,0
DA:32,0
DA:33,0
DA:34,0
DA:38,3
LF:13
LH:8
end_of_record
SF:lib/src/support/logging/crashlytics_logging.dart
DA:11,3
DA:14,6
DA:15,11
DA:16,4
DA:17,2
DA:22,2
DA:23,4
DA:24,2
DA:25,0
DA:26,0
DA:32,0
DA:33,0
DA:35,3
LF:13
LH:9
end_of_record
SF:lib/src/support/logging/new_relic_logging.dart
DA:16,3
DA:22,6
DA:23,11
DA:24,4
DA:25,2
DA:30,2
DA:31,2
DA:32,4
DA:33,4
DA:34,2
DA:36,4
DA:37,4
DA:38,4
DA:39,2
DA:40,2
DA:45,6
DA:52,0
DA:55,3
DA:57,6
DA:58,6
DA:59,0
LF:21
LH:19
end_of_record
SF:lib/src/support/lru_map.dart
DA:34,1
DA:46,1
DA:47,1
DA:48,1
DA:53,1
DA:80,0
DA:81,0
DA:83,0
DA:85,0
DA:86,0
DA:90,0
DA:92,0
DA:95,0
DA:97,0
DA:98,0
DA:100,0
DA:101,0
DA:104,1
DA:105,2
DA:107,0
DA:108,0
DA:110,0
DA:111,0
DA:117,0
DA:119,0
DA:121,0
DA:122,0
DA:126,1
DA:127,2
DA:129,0
DA:130,0
DA:132,0
DA:133,0
DA:136,0
DA:137,0
DA:140,0
DA:146,0
DA:147,0
DA:152,0
DA:153,0
DA:155,0
DA:157,0
DA:160,1
DA:161,1
DA:163,0
DA:165,0
DA:166,0
DA:167,0
DA:169,0
DA:179,0
DA:181,0
DA:182,0
DA:183,0
DA:185,0
DA:186,0
DA:187,0
DA:189,0
DA:190,0
DA:199,1
DA:201,2
DA:203,1
DA:204,1
DA:215,1
DA:218,2
DA:221,3
DA:222,0
DA:223,0
DA:227,0
DA:229,0
DA:233,0
DA:234,0
DA:235,0
DA:236,0
DA:237,0
DA:238,0
DA:239,0
DA:240,0
DA:241,0
DA:243,0
DA:244,0
DA:246,0
DA:249,0
DA:251,0
DA:252,0
DA:253,0
DA:255,0
DA:258,0
DA:261,0
DA:265,0
DA:267,0
DA:268,0
DA:270,0
DA:272,0
DA:275,0
DA:277,0
DA:279,0
DA:280,0
DA:283,0
DA:286,0
DA:289,0
DA:290,0
DA:293,0
DA:295,0
DA:299,0
DA:302,0
DA:303,0
DA:304,0
DA:309,0
DA:311,0
DA:312,0
DA:313,0
DA:314,0
DA:319,1
DA:321,2
DA:325,1
DA:327,0
DA:330,0
DA:331,0
DA:335,1
DA:336,0
DA:340,1
DA:341,2
DA:343,1
DA:344,2
DA:345,1
DA:348,1
DA:349,2
DA:350,2
DA:355,1
DA:356,1
DA:362,1
DA:365,1
DA:366,3
DA:367,0
DA:368,0
DA:370,6
DA:374,0
DA:376,0
DA:377,0
DA:378,0
DA:382,0
DA:383,0
DA:386,0
DA:387,0
DA:396,0
DA:399,0
LF:146
LH:36
end_of_record
SF:lib/src/support/map_cache.dart
DA:10,1
DA:16,1
DA:17,2
DA:26,1
DA:28,2
DA:29,2
DA:32,2
DA:33,0
DA:36,1
DA:37,2
DA:44,2
DA:46,2
DA:52,0
DA:54,0
DA:57,0
DA:59,0
LF:16
LH:11
end_of_record
SF:lib/src/support/modal_bottom_sheet_page.dart
DA:11,0
DA:24,0
DA:25,0
DA:27,0
DA:28,0
DA:29,0
DA:30,0
DA:31,0
DA:32,0
LF:9
LH:0
end_of_record
SF:lib/src/support/network/app_client.dart
DA:25,0
DA:42,0
DA:44,0
DA:46,0
DA:48,0
DA:52,0
DA:53,0
DA:55,0
DA:56,0
DA:58,0
DA:60,0
DA:62,0
DA:64,0
DA:66,0
DA:68,0
DA:70,0
DA:72,0
DA:74,0
DA:76,0
DA:79,0
DA:80,0
DA:82,0
DA:90,0
DA:94,0
DA:95,0
DA:96,0
DA:97,0
DA:99,0
DA:100,0
DA:101,0
DA:102,0
DA:106,0
DA:107,0
DA:109,0
DA:112,0
DA:114,0
DA:115,0
DA:116,0
DA:120,0
DA:127,0
DA:128,0
DA:129,0
DA:131,0
DA:132,0
DA:133,0
DA:134,0
DA:135,0
DA:136,0
DA:138,0
DA:141,0
DA:149,0
DA:159,0
DA:162,0
DA:164,0
DA:167,0
DA:174,0
DA:177,0
DA:179,0
DA:180,0
DA:183,0
DA:186,0
DA:187,0
DA:188,0
DA:189,0
DA:190,0
DA:191,0
DA:192,0
DA:195,0
DA:196,0
DA:197,0
DA:198,0
DA:201,0
DA:202,0
DA:204,0
DA:205,0
DA:206,0
DA:207,0
DA:210,0
DA:211,0
DA:212,0
DA:214,0
DA:215,0
DA:216,0
DA:217,0
DA:225,0
DA:227,0
DA:228,0
DA:229,0
DA:237,0
DA:239,0
DA:241,0
DA:242,0
DA:244,0
DA:245,0
DA:247,0
DA:248,0
DA:250,0
DA:251,0
DA:255,0
DA:262,0
DA:263,0
DA:267,0
DA:268,0
DA:272,0
DA:275,0
LF:105
LH:0
end_of_record
SF:lib/src/support/network/http_status.dart
DA:7,0
DA:9,12
DA:11,0
DA:12,0
DA:14,0
DA:15,0
DA:34,0
DA:36,0
DA:38,0
DA:40,0
DA:42,0
DA:44,0
DA:46,0
DA:48,0
DA:50,0
DA:52,0
DA:54,0
DA:56,0
DA:58,0
DA:60,0
DA:62,0
DA:64,0
DA:66,0
DA:73,0
DA:74,0
LF:25
LH:1
end_of_record
SF:lib/src/support/network/network_result.dart
DA:4,0
DA:14,0
DA:16,0
DA:17,0
DA:19,0
DA:21,0
DA:22,0
DA:24,0
DA:26,0
DA:28,0
DA:35,0
DA:37,0
DA:38,0
DA:40,0
DA:43,0
DA:46,0
DA:49,0
DA:50,0
DA:57,0
DA:59,0
DA:60,0
DA:62,0
DA:63,0
DA:65,0
DA:66,0
DA:68,0
DA:71,0
DA:80,0
DA:82,0
DA:83,0
DA:85,0
DA:88,0
DA:91,0
DA:92,0
DA:94,0
DA:103,0
DA:105,0
DA:106,0
DA:108,0
DA:109,0
DA:111,0
DA:114,0
DA:115,0
DA:117,0
DA:124,0
DA:126,0
DA:127,0
DA:129,0
DA:132,0
DA:135,0
DA:136,0
DA:138,0
DA:145,0
DA:147,0
DA:148,0
DA:150,0
DA:151,0
DA:153,0
DA:156,0
DA:159,0
DA:164,0
DA:166,0
DA:169,0
DA:172,0
DA:175,0
DA:178,0
LF:66
LH:0
end_of_record
SF:lib/src/support/result.dart
DA:10,1
DA:12,1
DA:13,1
DA:15,1
DA:22,5
DA:24,5
DA:27,5
DA:28,5
DA:32,1
DA:35,1
LF:10
LH:10
end_of_record
SF:lib/src/support/simple_dialog_page.dart
DA:9,0
DA:20,0
DA:21,0
DA:24,0
DA:25,0
DA:26,0
DA:27,0
DA:28,0
DA:29,0
DA:30,0
DA:33,0
DA:35,0
DA:36,0
LF:13
LH:0
end_of_record
SF:lib/src/utilities/geo_util.dart
DA:9,0
DA:10,0
DA:11,0
DA:12,0
DA:13,0
DA:14,0
DA:15,0
DA:16,0
DA:17,0
DA:18,0
DA:19,0
DA:20,0
DA:21,0
DA:22,0
DA:26,0
DA:27,0
DA:31,0
DA:32,0
DA:35,0
DA:36,0
DA:37,0
DA:38,0
DA:41,0
DA:47,0
LF:24
LH:0
end_of_record
SF:lib/src/utilities/google_map_util.dart
DA:7,1
DA:17,1
DA:18,1
DA:19,1
DA:28,1
DA:31,0
DA:42,0
DA:43,0
DA:44,0
DA:45,0
DA:47,0
DA:56,0
DA:59,1
DA:69,0
DA:71,0
DA:73,1
DA:74,0
DA:75,1
DA:76,1
DA:77,0
DA:78,0
DA:81,0
LF:22
LH:9
end_of_record
SF:lib/src/utilities/handy_util.dart
DA:7,3
DA:12,3
DA:14,3
DA:15,1
DA:16,1
DA:17,1
DA:23,0
DA:28,0
DA:30,0
DA:31,0
DA:35,3
DA:40,3
DA:42,9
DA:43,3
DA:44,3
DA:45,6
DA:51,4
DA:56,4
DA:58,12
DA:59,4
LF:20
LH:16
end_of_record
SF:lib/src/utilities/spki_pin_checker.dart
DA:7,0
DA:8,0
DA:9,0
DA:10,0
DA:11,0
DA:12,0
DA:13,0
LF:7
LH:0
end_of_record
SF:lib/src/utilities/string_util.dart
DA:3,1
DA:4,1
DA:6,6
DA:9,0
DA:10,0
DA:11,0
LF:6
LH:3
end_of_record
SF:lib/src/widgets/app_circle_avatar.dart
DA:6,0
DA:15,0
DA:17,0
DA:18,0
DA:19,0
DA:20,0
DA:22,0
DA:24,0
LF:8
LH:0
end_of_record
SF:lib/src/widgets/app_date_selector_field.dart
DA:7,0
DA:19,0
DA:33,0
DA:35,0
DA:36,0
DA:37,0
DA:38,0
DA:40,0
DA:43,0
DA:44,0
DA:45,0
DA:46,0
DA:48,0
DA:49,0
DA:50,0
LF:15
LH:0
end_of_record
SF:lib/src/widgets/app_startup_widget.dart
DA:11,1
DA:16,1
DA:18,1
DA:19,1
DA:23,1
DA:25,5
DA:26,3
DA:27,3
LF:8
LH:8
end_of_record
SF:lib/src/widgets/app_text_form_field.dart
DA:4,0
DA:41,0
DA:43,0
DA:44,0
DA:45,0
DA:46,0
DA:47,0
DA:51,0
DA:52,0
DA:53,0
DA:55,0
DA:56,0
DA:57,0
DA:58,0
DA:59,0
DA:60,0
DA:61,0
DA:62,0
DA:63,0
DA:64,0
LF:20
LH:0
end_of_record
SF:lib/src/widgets/app_web_view/app_web_view_state.dart
DA:27,0
DA:28,0
DA:29,0
DA:32,0
DA:33,0
DA:36,0
LF:6
LH:0
end_of_record
SF:lib/src/widgets/app_web_view/app_web_view_state_provider.g.dart
DA:9,0
DA:14,0
DA:16,0
DA:18,0
DA:20,0
DA:21,0
DA:24,0
DA:26,0
DA:28,0
DA:29,0
DA:53,12
DA:56,0
DA:61,0
DA:68,0
DA:72,0
DA:73,0
DA:74,0
DA:75,0
DA:81,0
DA:86,0
DA:90,0
DA:98,0
DA:102,0
DA:103,0
DA:104,0
DA:105,0
DA:106,0
DA:121,0
DA:131,0
DA:137,0
DA:141,0
DA:142,0
DA:143,0
DA:144,0
DA:148,0
DA:150,0
DA:152,0
DA:153,0
DA:154,0
DA:155,0
DA:156,0
DA:157,0
DA:162,0
DA:163,0
DA:164,0
DA:169,0
DA:172,0
DA:175,0
DA:177,0
DA:178,0
DA:179,0
DA:180,0
DA:183,0
DA:185,0
DA:186,0
DA:187,0
DA:188,0
DA:190,0
DA:209,0
DA:211,0
DA:213,0
DA:214,0
DA:216,0
DA:217,0
DA:219,0
LF:65
LH:1
end_of_record
SF:lib/src/widgets/app_web_view/app_web_view_state_provider.dart
DA:45,0
DA:51,0
DA:52,0
DA:53,0
DA:54,0
DA:60,0
DA:61,0
DA:63,0
DA:66,0
DA:68,0
DA:70,0
DA:75,0
DA:76,0
DA:79,0
DA:80,0
DA:83,0
DA:84,0
DA:87,0
DA:88,0
DA:91,0
DA:92,0
DA:93,0
DA:94,0
DA:98,0
DA:99,0
DA:100,0
DA:103,0
DA:104,0
DA:105,0
DA:108,0
DA:109,0
DA:110,0
DA:113,0
DA:114,0
DA:117,0
DA:118,0
DA:121,0
DA:122,0
DA:123,0
DA:124,0
DA:125,0
LF:41
LH:0
end_of_record
SF:lib/src/widgets/app_web_view/app_web_view_widget.dart
DA:14,0
DA:16,0
DA:18,0
DA:20,0
DA:21,0
DA:22,0
DA:24,0
DA:25,0
DA:27,0
DA:28,0
DA:29,0
DA:32,0
DA:33,0
LF:13
LH:0
end_of_record
SF:lib/src/widgets/app_web_view/web_storage_item.dart
DA:9,0
DA:11,0
LF:2
LH:0
end_of_record
SF:lib/src/widgets/app_web_view/web_storage_item.g.dart
DA:9,0
DA:10,0
DA:11,0
DA:12,0
DA:15,0
DA:17,0
DA:18,0
DA:19,0
LF:8
LH:0
end_of_record
SF:lib/src/widgets/app_web_view/web_view_controller_extension.dart
DA:9,0
DA:10,0
DA:12,0
DA:15,0
DA:20,0
DA:22,0
DA:23,0
DA:26,0
DA:27,0
DA:29,0
DA:32,0
DA:39,0
DA:41,0
DA:42,0
DA:48,0
DA:49,0
DA:51,0
DA:54,0
DA:57,0
DA:61,0
DA:62,0
DA:63,0
DA:64,0
DA:69,0
DA:74,0
DA:75,0
DA:77,0
DA:80,0
LF:28
LH:0
end_of_record
SF:lib/src/widgets/base_widget.dart
DA:7,0
DA:11,0
DA:12,0
DA:14,0
DA:16,0
DA:18,0
DA:20,0
DA:22,0
DA:24,0
DA:28,0
DA:30,0
DA:31,0
DA:34,0
DA:36,0
DA:37,0
DA:38,0
DA:40,0
DA:41,0
DA:43,0
DA:44,0
DA:46,0
DA:47,0
DA:54,0
DA:57,0
DA:59,0
DA:60,0
LF:26
LH:0
end_of_record
SF:lib/src/widgets/camera/take_picture_screen.dart
DA:15,0
DA:17,0
DA:18,0
DA:22,0
DA:24,0
DA:25,0
DA:26,0
DA:27,0
DA:28,0
DA:30,0
DA:31,0
DA:33,0
DA:36,0
DA:39,0
DA:47,0
DA:49,0
DA:51,0
DA:52,0
DA:62,0
DA:64,0
DA:65,0
DA:69,0
DA:71,0
DA:72,0
DA:73,0
DA:74,0
DA:76,0
DA:77,0
DA:78,0
DA:79,0
DA:80,0
DA:81,0
DA:82,0
DA:86,0
DA:90,0
DA:98,0
DA:100,0
DA:101,0
DA:103,0
DA:104,0
DA:105,0
DA:108,0
DA:116,0
DA:118,0
DA:119,0
DA:123,0
DA:125,0
DA:126,0
DA:127,0
DA:128,0
DA:130,0
DA:131,0
DA:132,0
DA:133,0
DA:134,0
DA:137,0
DA:139,0
DA:141,0
DA:145,0
DA:148,0
DA:152,0
DA:163,0
DA:165,0
DA:166,0
DA:168,0
DA:172,0
DA:174,0
DA:176,0
LF:68
LH:0
end_of_record
SF:lib/src/widgets/coupon_clipper.dart
DA:4,0
DA:6,0
DA:9,0
DA:12,0
DA:13,0
DA:16,0
DA:17,0
DA:19,0
DA:22,0
DA:24,0
DA:27,0
DA:29,0
DA:32,0
DA:33,0
DA:35,0
DA:38,0
DA:40,0
DA:43,0
DA:45,0
DA:49,0
LF:20
LH:0
end_of_record
SF:lib/src/widgets/curved_path_flow_delegate.dart
DA:6,0
DA:10,0
DA:11,0
DA:12,0
DA:13,0
DA:14,0
DA:18,0
LF:7
LH:0
end_of_record
SF:lib/src/widgets/gradient_container.dart
DA:7,0
DA:13,0
DA:15,0
DA:16,0
DA:17,0
DA:21,0
DA:22,0
DA:23,0
DA:27,0
LF:9
LH:0
end_of_record
SF:lib/src/widgets/grey.dart
DA:6,0
DA:8,0
DA:9,0
DA:32,0
LF:4
LH:0
end_of_record
SF:lib/src/widgets/processing_overlay.dart
DA:6,0
DA:19,0
DA:21,0
DA:23,0
DA:24,0
DA:25,0
DA:26,0
DA:27,0
DA:28,0
DA:29,0
LF:10
LH:0
end_of_record
SF:lib/src/widgets/scrim_cover.dart
DA:9,0
DA:17,0
DA:19,0
DA:21,0
DA:22,0
DA:23,0
DA:24,0
DA:29,0
DA:30,0
DA:33,0
DA:35,0
LF:11
LH:0
end_of_record
SF:lib/src/widgets/shimmer.dart
DA:4,0
DA:23,0
DA:24,0
DA:28,0
DA:29,0
DA:30,0
DA:31,0
DA:32,0
DA:42,0
DA:47,0
DA:49,0
DA:51,0
DA:52,0
DA:55,0
DA:57,0
DA:58,0
DA:59,0
DA:62,0
DA:64,0
DA:65,0
DA:66,0
DA:69,0
DA:70,0
DA:75,0
DA:77,0
DA:78,0
DA:79,0
DA:80,0
DA:82,0
DA:88,0
DA:94,0
DA:96,0
LF:32
LH:0
end_of_record
SF:lib/src/widgets/shimmer_image.dart
DA:14,0
DA:22,0
DA:23,0
DA:24,0
DA:25,0
DA:27,0
DA:28,0
DA:29,0
DA:30,0
DA:31,0
LF:10
LH:0
end_of_record
SF:lib/src/widgets/shimmer_text.dart
DA:12,0
DA:21,0
DA:23,0
DA:24,0
DA:25,0
DA:26,0
DA:27,0
DA:29,0
DA:30,0
DA:31,0
DA:32,0
DA:33,0
DA:34,0
DA:36,0
LF:14
LH:0
end_of_record
SF:lib/src/widgets/sliver_footer.dart
DA:8,0
DA:13,0
DA:14,0
DA:20,0
DA:24,0
DA:26,0
DA:28,0
DA:30,0
DA:31,0
DA:33,0
DA:34,0
DA:35,0
DA:36,0
DA:38,0
DA:41,0
DA:43,0
DA:44,0
LF:17
LH:0
end_of_record
SF:lib/src/widgets/stt_widget/stt_settings_ui.dart
DA:10,0
DA:12,0
DA:13,0
DA:17,0
DA:19,0
DA:21,0
DA:23,0
DA:24,0
DA:26,0
DA:32,0
DA:33,0
DA:34,0
DA:36,0
DA:39,0
DA:40,0
DA:41,0
DA:43,0
DA:45,0
DA:46,0
LF:19
LH:0
end_of_record
SF:lib/src/widgets/stt_widget/stt_widget.dart
DA:12,0
DA:19,0
DA:20,0
DA:27,0
DA:29,0
DA:30,0
DA:36,0
DA:39,0
DA:41,0
DA:42,0
DA:45,0
DA:47,0
DA:48,0
DA:49,0
DA:51,0
DA:52,0
DA:57,0
DA:58,0
DA:59,0
DA:60,0
DA:61,0
DA:62,0
DA:64,0
DA:65,0
DA:67,0
DA:70,0
DA:71,0
DA:72,0
DA:73,0
DA:76,0
DA:77,0
DA:78,0
DA:80,0
DA:83,0
LF:34
LH:0
end_of_record
SF:lib/src/widgets/transparent_image.dart
DA:3,0
LF:1
LH:0
end_of_record
SF:lib/src/widgets/tts_widget/tts_settings_ui.dart
DA:8,0
DA:10,0
DA:11,0
DA:15,0
DA:17,0
DA:19,0
DA:21,0
DA:22,0
DA:24,0
DA:25,0
DA:31,0
DA:32,0
DA:33,0
DA:35,0
DA:38,0
DA:39,0
DA:41,0
DA:43,0
DA:46,0
DA:53,0
DA:54,0
DA:55,0
DA:57,0
DA:60,0
DA:61,0
DA:63,0
DA:65,0
DA:68,0
LF:28
LH:0
end_of_record
SF:lib/src/extensions/file_extension/file_extension_native.dart
DA:8,0
DA:9,0
DA:10,0
DA:12,0
LF:4
LH:0
end_of_record
SF:lib/src/providers/app_lifecycle_state_provider/app_lifecycle_state_provider_native.dart
DA:8,3
DA:10,3
DA:11,0
DA:13,9
LF:4
LH:3
end_of_record
SF:lib/src/providers/app_lifecycle_state_provider/app_lifecycle_state_provider_native.g.dart
DA:9,3
DA:14,6
DA:15,3
LF:3
LH:3
end_of_record
SF:lib/src/support/logging/consolidated_logging.dart
DA:11,3
DA:16,6
DA:17,6
DA:18,11
DA:19,2
DA:21,3
DA:24,2
DA:25,4
DA:26,2
DA:27,2
DA:28,4
DA:29,2
DA:30,2
DA:31,2
DA:32,2
DA:33,2
DA:36,0
DA:37,0
DA:38,0
DA:47,3
DA:48,0
DA:49,0
DA:50,0
DA:51,0
DA:52,0
DA:54,0
DA:55,0
DA:56,0
DA:62,3
DA:64,6
DA:65,3
DA:66,3
DA:67,3
DA:69,3
DA:70,12
DA:71,3
LF:36
LH:25
end_of_record
SF:lib/src/widgets/app_web_view/app_web_view_app_bar.dart
DA:9,0
DA:11,0
DA:13,0
DA:14,0
DA:15,0
DA:17,0
DA:18,0
DA:20,0
DA:22,0
DA:24,0
DA:26,0
DA:28,0
DA:36,0
LF:13
LH:0
end_of_record
SF:lib/src/widgets/app_web_view/app_web_view_progress_bar.dart
DA:9,0
DA:14,0
DA:16,0
DA:17,0
DA:18,0
DA:19,0
DA:23,0
LF:7
LH:0
end_of_record
SF:lib/src/widgets/app_web_view/app_web_view_title_bar.dart
DA:9,0
DA:11,0
DA:13,0
DA:14,0
DA:15,0
DA:16,0
DA:18,0
DA:20,0
DA:22,0
DA:23,0
DA:25,0
DA:26,0
DA:38,0
DA:40,0
DA:42,0
DA:43,0
DA:44,0
DA:47,0
DA:48,0
DA:50,0
DA:54,0
DA:56,0
DA:68,0
DA:70,0
DA:72,0
DA:73,0
DA:74,0
DA:78,0
DA:79,0
DA:80,0
DA:84,0
DA:85,0
DA:87,0
DA:89,0
DA:91,0
DA:96,0
DA:97,0
DA:106,0
DA:108,0
DA:110,0
DA:111,0
DA:112,0
DA:115,0
DA:116,0
DA:118,0
DA:120,0
DA:121,0
DA:122,0
DA:123,0
DA:127,0
DA:136,0
DA:137,0
LF:52
LH:0
end_of_record
SF:lib/src/widgets/cached_network_svg_picture/cached_network_svg_picture_native.dart
DA:18,0
DA:27,0
DA:29,0
DA:30,0
DA:31,0
DA:32,0
DA:34,0
DA:35,0
DA:37,0
DA:38,0
DA:40,0
DA:41,0
DA:42,0
DA:43,0
DA:57,0
DA:66,0
DA:68,0
DA:69,0
DA:70,0
DA:71,0
DA:72,0
DA:74,0
DA:75,0
DA:78,0
DA:84,12
DA:86,0
DA:93,0
DA:99,0
DA:100,0
DA:101,0
DA:102,0
DA:105,0
DA:106,0
DA:115,0
LF:34
LH:1
end_of_record
SF:lib/src/widgets/camera/camera_meta_provider.dart
DA:12,0
DA:14,0
DA:15,0
DA:17,0
DA:18,0
DA:23,0
DA:24,0
DA:25,0
DA:26,0
DA:27,0
DA:28,0
DA:29,0
DA:30,0
DA:39,0
DA:40,0
DA:43,0
DA:44,0
LF:17
LH:0
end_of_record
SF:lib/src/widgets/camera/camera_meta_provider.g.dart
DA:9,0
DA:14,0
DA:15,0
LF:3
LH:0
end_of_record
