SF:lib/extensions/base_request_extension.dart
DA:5,0
DA:6,0
DA:8,0
DA:10,0
DA:16,0
DA:20,0
DA:22,0
DA:23,0
DA:24,0
DA:25,0
DA:26,0
DA:27,0
DA:29,0
DA:31,0
DA:32,0
DA:33,0
DA:34,0
DA:35,0
DA:36,0
DA:37,0
DA:39,0
DA:40,0
DA:43,0
LF:23
LH:0
end_of_record
SF:lib/extensions/base_response_extension.dart
DA:4,0
DA:5,0
DA:7,0
DA:8,0
DA:9,0
DA:11,0
DA:14,0
LF:7
LH:0
end_of_record
SF:lib/extensions/build_context_extension.dart
DA:8,0
DA:9,0
DA:10,0
DA:11,0
LF:4
LH:0
end_of_record
SF:lib/extensions/double_extension.dart
DA:6,0
DA:8,0
DA:9,0
DA:10,0
LF:4
LH:0
end_of_record
SF:lib/extensions/characters_extension.dart
DA:4,0
DA:5,0
LF:2
LH:0
end_of_record
SF:lib/extensions/date_time_extension.dart
DA:4,0
DA:5,0
DA:8,0
DA:12,0
DA:13,0
DA:14,0
DA:17,0
DA:18,0
DA:21,0
DA:22,0
DA:25,0
DA:26,0
DA:29,0
DA:30,0
DA:33,0
DA:34,0
DA:39,0
DA:41,0
DA:44,0
DA:52,0
DA:53,0
DA:54,0
DA:57,0
DA:58,0
DA:59,0
DA:65,0
DA:66,0
DA:67,0
DA:68,0
DA:73,0
DA:74,0
DA:75,0
DA:78,0
DA:79,0
DA:80,0
DA:81,0
DA:83,0
DA:87,0
DA:88,0
DA:91,0
DA:92,0
LF:41
LH:0
end_of_record
SF:lib/extensions/duration_extension.dart
DA:2,0
DA:3,0
DA:4,0
DA:6,0
DA:8,0
DA:9,0
DA:12,0
DA:13,0
DA:14,0
DA:15,0
DA:16,0
DA:17,0
DA:18,0
DA:19,0
DA:20,0
LF:15
LH:0
end_of_record
SF:lib/extensions/dynamic_extension.dart
DA:6,0
DA:7,0
DA:8,0
DA:9,0
DA:11,0
LF:5
LH:0
end_of_record
SF:lib/extensions/file_extension.dart
DA:9,0
DA:11,0
DA:12,0
DA:15,0
LF:4
LH:0
end_of_record
SF:lib/extensions/general_type_extension.dart
DA:2,0
DA:4,0
DA:5,0
LF:3
LH:0
end_of_record
SF:lib/extensions/global_key_extension.dart
DA:6,0
DA:7,0
DA:8,0
DA:10,0
DA:11,0
DA:17,0
DA:18,0
DA:19,0
DA:22,0
DA:23,0
DA:24,0
DA:27,0
DA:28,0
DA:29,0
DA:30,0
DA:32,0
LF:16
LH:0
end_of_record
SF:lib/extensions/int_extension.dart
DA:4,0
DA:6,0
DA:8,0
DA:9,0
DA:10,0
DA:11,0
DA:12,0
DA:13,0
DA:14,0
DA:15,0
DA:16,0
DA:17,0
DA:18,0
DA:19,0
DA:20,0
DA:21,0
DA:22,0
DA:24,0
LF:18
LH:0
end_of_record
SF:lib/extensions/iterable_extension.dart
DA:2,0
DA:4,0
DA:6,0
DA:7,0
DA:8,0
DA:13,0
DA:16,0
DA:17,0
LF:8
LH:0
end_of_record
SF:lib/extensions/placemark_extension.dart
DA:4,0
DA:5,0
LF:2
LH:0
end_of_record
SF:lib/extensions/string_extension.dart
DA:6,3
DA:7,0
DA:9,0
DA:10,0
DA:13,0
DA:14,0
DA:15,0
DA:16,0
DA:17,0
DA:20,0
DA:25,1
DA:26,3
DA:27,5
DA:28,2
DA:29,2
DA:31,1
DA:35,0
DA:36,0
DA:37,0
DA:40,0
DA:41,0
DA:42,0
DA:43,0
DA:46,0
DA:49,0
DA:52,0
DA:54,0
DA:56,0
DA:57,0
DA:62,0
DA:63,0
DA:64,0
DA:66,0
DA:67,0
DA:68,0
DA:69,0
DA:71,0
DA:74,0
DA:77,0
DA:79,0
DA:81,0
DA:88,0
DA:93,0
DA:97,0
DA:102,0
LF:45
LH:7
end_of_record
SF:lib/extensions/uint8list_extension.dart
DA:10,0
DA:12,0
DA:13,0
DA:15,0
DA:20,0
DA:21,0
DA:22,0
DA:23,0
DA:26,0
DA:31,0
DA:32,0
DA:33,0
LF:12
LH:0
end_of_record
SF:lib/extensions/uri_extension.dart
DA:9,0
DA:15,0
DA:16,0
DA:17,0
DA:23,0
DA:25,0
DA:26,0
DA:27,0
DA:31,0
DA:34,0
DA:39,0
DA:41,0
DA:42,0
DA:44,0
DA:47,0
DA:49,0
DA:50,0
DA:54,0
LF:18
LH:0
end_of_record
SF:lib/extensions/void_callback_extension.dart
DA:6,3
DA:8,1
DA:9,2
DA:10,1
DA:13,1
DA:14,2
DA:17,2
DA:18,1
DA:21,1
DA:22,2
DA:23,1
DA:26,1
DA:27,2
DA:30,2
DA:31,1
LF:15
LH:15
end_of_record
SF:lib/support/debouncer.dart
DA:12,1
DA:19,1
DA:20,2
DA:21,2
DA:22,5
DA:23,1
DA:24,2
DA:27,2
DA:29,1
DA:30,5
DA:31,2
LF:11
LH:11
end_of_record
SF:lib/extensions/x509certificate_extension.dart
DA:6,0
DA:7,0
DA:8,0
DA:9,0
LF:4
LH:0
end_of_record
SF:lib/utilities/geo_util.dart
DA:8,0
DA:9,0
DA:10,0
DA:11,0
DA:12,0
DA:13,0
DA:14,0
DA:15,0
DA:16,0
DA:17,0
DA:18,0
DA:19,0
DA:20,0
DA:21,0
DA:25,0
DA:26,0
DA:30,0
DA:31,0
DA:34,0
DA:35,0
DA:36,0
DA:37,0
LF:22
LH:0
end_of_record
SF:lib/utilities/google_map_util.dart
DA:7,1
DA:17,1
DA:18,1
DA:19,1
DA:28,1
DA:31,0
DA:42,0
DA:43,0
DA:44,0
DA:45,0
DA:47,0
DA:56,0
DA:59,1
DA:69,0
DA:71,0
DA:73,1
DA:74,0
DA:75,1
DA:76,1
DA:77,0
DA:78,0
DA:81,1
LF:22
LH:10
end_of_record
SF:lib/utilities/handy_util.dart
DA:5,1
DA:10,1
DA:12,3
DA:13,1
DA:14,1
DA:15,1
LF:6
LH:6
end_of_record
SF:lib/utilities/string_util.dart
DA:3,1
DA:4,1
DA:6,6
DA:9,0
DA:10,0
DA:11,0
LF:6
LH:3
end_of_record
SF:lib/support/bitmap_descriptor_cache.dart
DA:7,3
DA:9,2
DA:11,1
DA:13,0
DA:14,0
DA:17,0
DA:18,0
DA:21,0
DA:22,0
DA:25,1
DA:26,1
DA:27,2
DA:29,1
DA:30,2
DA:36,3
LF:15
LH:9
end_of_record
SF:lib/support/bitmap_descriptor_from_svg_builder.dart
DA:29,1
DA:31,1
DA:32,1
DA:33,1
DA:37,0
DA:38,0
DA:39,0
DA:43,0
DA:44,0
DA:48,0
DA:49,0
DA:50,0
DA:51,0
DA:52,0
DA:53,0
DA:57,0
DA:58,0
DA:59,0
DA:60,0
DA:61,0
DA:62,0
DA:66,0
DA:67,0
DA:68,0
DA:69,0
DA:70,0
DA:71,0
DA:75,1
DA:76,1
DA:77,1
DA:78,1
DA:79,1
DA:80,1
DA:84,0
DA:85,0
DA:86,0
DA:87,0
DA:88,0
DA:89,0
DA:93,1
DA:94,1
DA:98,1
DA:100,2
DA:101,1
DA:102,4
DA:103,0
DA:104,0
DA:108,1
DA:109,0
DA:112,5
DA:114,3
DA:115,3
DA:119,1
DA:120,0
DA:121,0
DA:122,0
DA:123,1
DA:124,0
DA:125,0
DA:126,0
DA:127,2
DA:128,0
DA:129,0
DA:131,0
DA:133,2
DA:134,6
DA:135,1
DA:137,3
DA:139,0
DA:140,0
DA:141,0
DA:142,0
DA:146,2
DA:150,2
DA:158,1
DA:159,2
DA:160,4
DA:161,4
DA:162,4
DA:163,3
DA:164,4
DA:165,4
DA:166,4
DA:167,4
DA:168,4
DA:169,4
DA:170,4
DA:171,3
DA:172,3
DA:175,2
DA:179,1
DA:185,2
DA:186,1
DA:187,1
DA:188,1
DA:189,3
DA:190,1
DA:191,1
DA:192,1
DA:193,1
DA:195,0
LF:101
LH:55
end_of_record
SF:lib/support/picture_info_cache.dart
DA:7,3
DA:9,2
DA:11,1
DA:13,0
DA:14,0
DA:17,0
DA:18,0
DA:21,0
DA:22,0
DA:25,1
DA:26,2
DA:28,1
DA:29,2
DA:35,3
LF:14
LH:8
end_of_record
